<?xml version="1.0" encoding="UTF-8"?>
<!-- Generated by org.testng.reporters.JUnitReportReporter -->
<testsuite skipped="0" hostname="DESKTOP-99BJJHQ" name="org.pojo.FBLogin" tests="2" failures="0" timestamp="09 Jul 2023 20:22:00 GMT" time="5.818" errors="0">
  <testcase name="tc1" time="5.440" classname="org.pojo.FBLogin"/>
  <testcase name="tc2" time="0.378" classname="org.pojo.FBLogin"/>
</testsuite> <!-- org.pojo.FBLogin -->
